{
  "RSpec": {
    "coverage": {
      "/home/guilherme/environment/treinaD/find-jobs/app/models/job.rb": {
        "lines": [
          1,
          1,
          1,
          1,
          1,
          1,
          null,
          1,
          1,
          1,
          1,
          1,
          1,
          1,
          1,
          1,
          null,
          1,
          1,
          null,
          1,
          1,
          null,
          1,
          0,
          null,
          null,
          null
        ]
      },
      "/home/guilherme/environment/treinaD/find-jobs/app/models/experience_level.rb": {
        "lines": [
          1,
          1,
          null
        ]
      },
      "/home/guilherme/environment/treinaD/find-jobs/app/models/hiring_type.rb": {
        "lines": [
          1,
          1,
          null
        ]
      },
      "/home/guilherme/environment/treinaD/find-jobs/app/models/candidate_profile.rb": {
        "lines": [
          1,
          1,
          1,
          1,
          null,
          1,
          1,
          1,
          1,
          null,
          1,
          null,
          1,
          3,
          null,
          3,
          0,
          3,
          0,
          0,
          0,
          0,
          0,
          null,
          null,
          null,
          null,
          null
        ]
      },
      "/home/guilherme/environment/treinaD/find-jobs/app/models/candidate_formation.rb": {
        "lines": [
          1,
          1,
          null
        ]
      },
      "/home/guilherme/environment/treinaD/find-jobs/app/controllers/jobs_controller.rb": {
        "lines": [
          1,
          1,
          1,
          1,
          null,
          1,
          0,
          null,
          null,
          1,
          null,
          null,
          1,
          0,
          0,
          0,
          null,
          null,
          1,
          0,
          0,
          0,
          0,
          0,
          null,
          0,
          0,
          0,
          null,
          null,
          null,
          1,
          0,
          0,
          null,
          null,
          1,
          0,
          null,
          0,
          0,
          0,
          null,
          0,
          0,
          null,
          null,
          null,
          1,
          0,
          null,
          null,
          0,
          null,
          null,
          1,
          0,
          0,
          null,
          null,
          1,
          1,
          1,
          null,
          null,
          null,
          1,
          null,
          1,
          0,
          null,
          null,
          null,
          null,
          null,
          null,
          null,
          null,
          1,
          2,
          null,
          null
        ]
      },
      "/home/guilherme/environment/treinaD/find-jobs/app/controllers/application_controller.rb": {
        "lines": [
          1,
          null,
          1,
          0,
          0,
          null,
          null,
          null,
          1,
          2,
          0,
          2,
          2,
          null,
          null,
          null,
          1,
          null,
          0,
          0,
          0,
          0,
          0,
          0,
          null,
          null,
          null,
          null
        ]
      },
      "/home/guilherme/environment/treinaD/find-jobs/app/models/candidate_ability.rb": {
        "lines": [
          1,
          1,
          null,
          1,
          2,
          2,
          2,
          2,
          2,
          2,
          2,
          2,
          2,
          2,
          2,
          null,
          null,
          2,
          0,
          null,
          null,
          0,
          null,
          null,
          null
        ]
      },
      "/home/guilherme/environment/treinaD/find-jobs/app/models/subscription.rb": {
        "lines": [
          1,
          1,
          1,
          1,
          null,
          1,
          null,
          1,
          null
        ]
      },
      "/home/guilherme/environment/treinaD/find-jobs/app/models/comment.rb": {
        "lines": [
          1,
          1,
          1,
          1,
          null
        ]
      },
      "/home/guilherme/environment/treinaD/find-jobs/app/models/proposal.rb": {
        "lines": [
          1,
          1,
          1,
          null,
          1,
          1,
          1,
          1,
          1,
          1,
          null,
          null,
          null
        ]
      },
      "/home/guilherme/environment/treinaD/find-jobs/app/controllers/home_controller.rb": {
        "lines": [
          1,
          1,
          1,
          null,
          null
        ]
      }
    },
    "timestamp": 1580839016
  }
}
